{"C:\\Users\\tiina\\Documents\\Full stack open\\Full-stack-open\\osa5\\src\\App.jsx": {"path":"C:\\Users\\tiina\\Documents\\Full stack open\\Full-stack-open\\osa5\\src\\App.jsx","statementMap":{"0":{"start":{"line":8,"column":12},"end":{"line":165,"column":1}},"1":{"start":{"line":9,"column":28},"end":{"line":9,"column":40}},"2":{"start":{"line":10,"column":34},"end":{"line":10,"column":46}},"3":{"start":{"line":11,"column":34},"end":{"line":11,"column":46}},"4":{"start":{"line":12,"column":26},"end":{"line":12,"column":40}},"5":{"start":{"line":13,"column":42},"end":{"line":13,"column":56}},"6":{"start":{"line":14,"column":48},"end":{"line":14,"column":63}},"7":{"start":{"line":16,"column":2},"end":{"line":20,"column":8}},"8":{"start":{"line":17,"column":4},"end":{"line":19,"column":5}},"9":{"start":{"line":18,"column":6},"end":{"line":18,"column":23}},"10":{"start":{"line":22,"column":2},"end":{"line":29,"column":8}},"11":{"start":{"line":23,"column":27},"end":{"line":23,"column":75}},"12":{"start":{"line":24,"column":4},"end":{"line":28,"column":5}},"13":{"start":{"line":25,"column":19},"end":{"line":25,"column":45}},"14":{"start":{"line":26,"column":6},"end":{"line":26,"column":19}},"15":{"start":{"line":27,"column":6},"end":{"line":27,"column":38}},"16":{"start":{"line":31,"column":22},"end":{"line":52,"column":3}},"17":{"start":{"line":32,"column":4},"end":{"line":32,"column":26}},"18":{"start":{"line":33,"column":4},"end":{"line":51,"column":5}},"19":{"start":{"line":34,"column":19},"end":{"line":36,"column":8}},"20":{"start":{"line":37,"column":6},"end":{"line":40,"column":7}},"21":{"start":{"line":41,"column":6},"end":{"line":41,"column":38}},"22":{"start":{"line":42,"column":6},"end":{"line":42,"column":19}},"23":{"start":{"line":43,"column":6},"end":{"line":43,"column":21}},"24":{"start":{"line":44,"column":6},"end":{"line":44,"column":21}},"25":{"start":{"line":47,"column":6},"end":{"line":47,"column":51}},"26":{"start":{"line":48,"column":6},"end":{"line":50,"column":14}},"27":{"start":{"line":49,"column":8},"end":{"line":49,"column":29}},"28":{"start":{"line":54,"column":17},"end":{"line":57,"column":3}},"29":{"start":{"line":55,"column":4},"end":{"line":55,"column":55}},"30":{"start":{"line":56,"column":4},"end":{"line":56,"column":17}},"31":{"start":{"line":59,"column":19},"end":{"line":75,"column":3}},"32":{"start":{"line":60,"column":28},"end":{"line":60,"column":70}},"33":{"start":{"line":61,"column":28},"end":{"line":61,"column":70}},"34":{"start":{"line":62,"column":4},"end":{"line":74,"column":5}},"35":{"start":{"line":65,"column":33},"end":{"line":65,"column":57}},"36":{"start":{"line":71,"column":33},"end":{"line":71,"column":58}},"37":{"start":{"line":77,"column":21},"end":{"line":90,"column":3}},"38":{"start":{"line":78,"column":4},"end":{"line":84,"column":8}},"39":{"start":{"line":81,"column":8},"end":{"line":83,"column":24}},"40":{"start":{"line":85,"column":4},"end":{"line":85,"column":29}},"41":{"start":{"line":86,"column":4},"end":{"line":86,"column":83}},"42":{"start":{"line":87,"column":4},"end":{"line":89,"column":12}},"43":{"start":{"line":88,"column":6},"end":{"line":88,"column":27}},"44":{"start":{"line":92,"column":21},"end":{"line":104,"column":3}},"45":{"start":{"line":93,"column":4},"end":{"line":103,"column":8}},"46":{"start":{"line":96,"column":33},"end":{"line":96,"column":66}},"47":{"start":{"line":96,"column":54},"end":{"line":96,"column":65}},"48":{"start":{"line":97,"column":27},"end":{"line":97,"column":37}},"49":{"start":{"line":98,"column":8},"end":{"line":101,"column":9}},"50":{"start":{"line":102,"column":8},"end":{"line":102,"column":30}},"51":{"start":{"line":106,"column":21},"end":{"line":113,"column":3}},"52":{"start":{"line":107,"column":4},"end":{"line":112,"column":8}},"53":{"start":{"line":110,"column":29},"end":{"line":110,"column":65}},"54":{"start":{"line":110,"column":50},"end":{"line":110,"column":64}},"55":{"start":{"line":111,"column":8},"end":{"line":111,"column":30}},"56":{"start":{"line":115,"column":22},"end":{"line":115,"column":69}},"57":{"start":{"line":115,"column":51},"end":{"line":115,"column":68}},"58":{"start":{"line":117,"column":20},"end":{"line":142,"column":3}},"59":{"start":{"line":118,"column":4},"end":{"line":141,"column":7}},"60":{"start":{"line":127,"column":38},"end":{"line":127,"column":63}},"61":{"start":{"line":136,"column":38},"end":{"line":136,"column":63}},"62":{"start":{"line":144,"column":20},"end":{"line":150,"column":6}},"63":{"start":{"line":145,"column":4},"end":{"line":150,"column":5}},"64":{"start":{"line":148,"column":33},"end":{"line":148,"column":133}},"65":{"start":{"line":152,"column":2},"end":{"line":164,"column":3}}},"fnMap":{"0":{"name":"(anonymous_0)","decl":{"start":{"line":8,"column":12},"end":{"line":8,"column":13}},"loc":{"start":{"line":8,"column":18},"end":{"line":165,"column":1}},"line":8},"1":{"name":"(anonymous_1)","decl":{"start":{"line":16,"column":12},"end":{"line":16,"column":13}},"loc":{"start":{"line":16,"column":18},"end":{"line":20,"column":3}},"line":16},"2":{"name":"(anonymous_2)","decl":{"start":{"line":17,"column":30},"end":{"line":17,"column":31}},"loc":{"start":{"line":18,"column":6},"end":{"line":18,"column":23}},"line":18},"3":{"name":"(anonymous_3)","decl":{"start":{"line":22,"column":12},"end":{"line":22,"column":13}},"loc":{"start":{"line":22,"column":18},"end":{"line":29,"column":3}},"line":22},"4":{"name":"(anonymous_4)","decl":{"start":{"line":31,"column":22},"end":{"line":31,"column":23}},"loc":{"start":{"line":31,"column":39},"end":{"line":52,"column":3}},"line":31},"5":{"name":"(anonymous_5)","decl":{"start":{"line":48,"column":17},"end":{"line":48,"column":18}},"loc":{"start":{"line":48,"column":23},"end":{"line":50,"column":7}},"line":48},"6":{"name":"(anonymous_6)","decl":{"start":{"line":54,"column":17},"end":{"line":54,"column":18}},"loc":{"start":{"line":54,"column":23},"end":{"line":57,"column":3}},"line":54},"7":{"name":"(anonymous_7)","decl":{"start":{"line":59,"column":19},"end":{"line":59,"column":20}},"loc":{"start":{"line":59,"column":25},"end":{"line":75,"column":3}},"line":59},"8":{"name":"(anonymous_8)","decl":{"start":{"line":65,"column":27},"end":{"line":65,"column":28}},"loc":{"start":{"line":65,"column":33},"end":{"line":65,"column":57}},"line":65},"9":{"name":"(anonymous_9)","decl":{"start":{"line":71,"column":27},"end":{"line":71,"column":28}},"loc":{"start":{"line":71,"column":33},"end":{"line":71,"column":58}},"line":71},"10":{"name":"(anonymous_10)","decl":{"start":{"line":77,"column":21},"end":{"line":77,"column":22}},"loc":{"start":{"line":77,"column":37},"end":{"line":90,"column":3}},"line":77},"11":{"name":"(anonymous_11)","decl":{"start":{"line":80,"column":12},"end":{"line":80,"column":13}},"loc":{"start":{"line":80,"column":28},"end":{"line":84,"column":7}},"line":80},"12":{"name":"(anonymous_12)","decl":{"start":{"line":87,"column":15},"end":{"line":87,"column":16}},"loc":{"start":{"line":87,"column":21},"end":{"line":89,"column":5}},"line":87},"13":{"name":"(anonymous_13)","decl":{"start":{"line":92,"column":21},"end":{"line":92,"column":22}},"loc":{"start":{"line":92,"column":41},"end":{"line":104,"column":3}},"line":92},"14":{"name":"(anonymous_14)","decl":{"start":{"line":95,"column":12},"end":{"line":95,"column":13}},"loc":{"start":{"line":95,"column":28},"end":{"line":103,"column":7}},"line":95},"15":{"name":"(anonymous_15)","decl":{"start":{"line":96,"column":49},"end":{"line":96,"column":50}},"loc":{"start":{"line":96,"column":54},"end":{"line":96,"column":65}},"line":96},"16":{"name":"(anonymous_16)","decl":{"start":{"line":106,"column":21},"end":{"line":106,"column":22}},"loc":{"start":{"line":106,"column":29},"end":{"line":113,"column":3}},"line":106},"17":{"name":"(anonymous_17)","decl":{"start":{"line":109,"column":12},"end":{"line":109,"column":13}},"loc":{"start":{"line":109,"column":18},"end":{"line":112,"column":7}},"line":109},"18":{"name":"(anonymous_18)","decl":{"start":{"line":110,"column":42},"end":{"line":110,"column":43}},"loc":{"start":{"line":110,"column":50},"end":{"line":110,"column":64}},"line":110},"19":{"name":"(anonymous_19)","decl":{"start":{"line":115,"column":41},"end":{"line":115,"column":42}},"loc":{"start":{"line":115,"column":51},"end":{"line":115,"column":68}},"line":115},"20":{"name":"(anonymous_20)","decl":{"start":{"line":117,"column":20},"end":{"line":117,"column":21}},"loc":{"start":{"line":118,"column":4},"end":{"line":141,"column":7}},"line":118},"21":{"name":"(anonymous_21)","decl":{"start":{"line":127,"column":22},"end":{"line":127,"column":23}},"loc":{"start":{"line":127,"column":38},"end":{"line":127,"column":63}},"line":127},"22":{"name":"(anonymous_22)","decl":{"start":{"line":136,"column":22},"end":{"line":136,"column":23}},"loc":{"start":{"line":136,"column":38},"end":{"line":136,"column":63}},"line":136},"23":{"name":"(anonymous_23)","decl":{"start":{"line":144,"column":20},"end":{"line":144,"column":21}},"loc":{"start":{"line":144,"column":26},"end":{"line":150,"column":6}},"line":144},"24":{"name":"(anonymous_24)","decl":{"start":{"line":148,"column":25},"end":{"line":148,"column":26}},"loc":{"start":{"line":148,"column":33},"end":{"line":148,"column":133}},"line":148}},"branchMap":{"0":{"loc":{"start":{"line":24,"column":4},"end":{"line":28,"column":5}},"type":"if","locations":[{"start":{"line":24,"column":4},"end":{"line":28,"column":5}},{"start":{},"end":{}}],"line":24},"1":{"loc":{"start":{"line":60,"column":39},"end":{"line":60,"column":68}},"type":"cond-expr","locations":[{"start":{"line":60,"column":57},"end":{"line":60,"column":63}},{"start":{"line":60,"column":66},"end":{"line":60,"column":68}}],"line":60},"2":{"loc":{"start":{"line":61,"column":39},"end":{"line":61,"column":68}},"type":"cond-expr","locations":[{"start":{"line":61,"column":57},"end":{"line":61,"column":59}},{"start":{"line":61,"column":62},"end":{"line":61,"column":68}}],"line":61},"3":{"loc":{"start":{"line":155,"column":7},"end":{"line":155,"column":27}},"type":"binary-expr","locations":[{"start":{"line":155,"column":7},"end":{"line":155,"column":12}},{"start":{"line":155,"column":16},"end":{"line":155,"column":27}}],"line":155},"4":{"loc":{"start":{"line":156,"column":7},"end":{"line":161,"column":12}},"type":"binary-expr","locations":[{"start":{"line":156,"column":7},"end":{"line":156,"column":11}},{"start":{"line":156,"column":15},"end":{"line":161,"column":12}}],"line":156}},"s":{"0":0,"1":0,"2":0,"3":0,"4":0,"5":0,"6":0,"7":0,"8":0,"9":0,"10":0,"11":0,"12":0,"13":0,"14":0,"15":0,"16":0,"17":0,"18":0,"19":0,"20":0,"21":0,"22":0,"23":0,"24":0,"25":0,"26":0,"27":0,"28":0,"29":0,"30":0,"31":0,"32":0,"33":0,"34":0,"35":0,"36":0,"37":0,"38":0,"39":0,"40":0,"41":0,"42":0,"43":0,"44":0,"45":0,"46":0,"47":0,"48":0,"49":0,"50":0,"51":0,"52":0,"53":0,"54":0,"55":0,"56":0,"57":0,"58":0,"59":0,"60":0,"61":0,"62":0,"63":0,"64":0,"65":0},"f":{"0":0,"1":0,"2":0,"3":0,"4":0,"5":0,"6":0,"7":0,"8":0,"9":0,"10":0,"11":0,"12":0,"13":0,"14":0,"15":0,"16":0,"17":0,"18":0,"19":0,"20":0,"21":0,"22":0,"23":0,"24":0},"b":{"0":[0,0],"1":[0,0],"2":[0,0],"3":[0,0],"4":[0,0]}}
,"C:\\Users\\tiina\\Documents\\Full stack open\\Full-stack-open\\osa5\\src\\main.jsx": {"path":"C:\\Users\\tiina\\Documents\\Full stack open\\Full-stack-open\\osa5\\src\\main.jsx","statementMap":{"0":{"start":{"line":4,"column":0},"end":{"line":4,"column":68}}},"fnMap":{},"branchMap":{},"s":{"0":0},"f":{},"b":{}}
,"C:\\Users\\tiina\\Documents\\Full stack open\\Full-stack-open\\osa5\\src\\components\\Blog.jsx": {"path":"C:\\Users\\tiina\\Documents\\Full stack open\\Full-stack-open\\osa5\\src\\components\\Blog.jsx","statementMap":{"0":{"start":{"line":4,"column":13},"end":{"line":63,"column":1}},"1":{"start":{"line":5,"column":20},"end":{"line":11,"column":3}},"2":{"start":{"line":13,"column":54},"end":{"line":13,"column":69}},"3":{"start":{"line":15,"column":24},"end":{"line":17,"column":3}},"4":{"start":{"line":16,"column":4},"end":{"line":16,"column":46}},"5":{"start":{"line":19,"column":22},"end":{"line":30,"column":3}},"6":{"start":{"line":20,"column":15},"end":{"line":20,"column":22}},"7":{"start":{"line":21,"column":18},"end":{"line":21,"column":30}},"8":{"start":{"line":22,"column":23},"end":{"line":28,"column":5}},"9":{"start":{"line":29,"column":4},"end":{"line":29,"column":30}},"10":{"start":{"line":32,"column":23},"end":{"line":36,"column":3}},"11":{"start":{"line":33,"column":4},"end":{"line":35,"column":5}},"12":{"start":{"line":34,"column":6},"end":{"line":34,"column":25}},"13":{"start":{"line":38,"column":26},"end":{"line":38,"column":71}},"14":{"start":{"line":39,"column":26},"end":{"line":39,"column":71}},"15":{"start":{"line":41,"column":2},"end":{"line":62,"column":3}},"16":{"start":{"line":45,"column":55},"end":{"line":45,"column":70}},"17":{"start":{"line":46,"column":55},"end":{"line":46,"column":70}},"18":{"start":{"line":54,"column":33},"end":{"line":54,"column":50}},"19":{"start":{"line":59,"column":78},"end":{"line":59,"column":96}},"20":{"start":{"line":65,"column":0},"end":{"line":70,"column":1}}},"fnMap":{"0":{"name":"(anonymous_0)","decl":{"start":{"line":4,"column":13},"end":{"line":4,"column":14}},"loc":{"start":{"line":4,"column":63},"end":{"line":63,"column":1}},"line":4},"1":{"name":"(anonymous_1)","decl":{"start":{"line":15,"column":24},"end":{"line":15,"column":25}},"loc":{"start":{"line":15,"column":30},"end":{"line":17,"column":3}},"line":15},"2":{"name":"(anonymous_2)","decl":{"start":{"line":19,"column":22},"end":{"line":19,"column":23}},"loc":{"start":{"line":19,"column":32},"end":{"line":30,"column":3}},"line":19},"3":{"name":"(anonymous_3)","decl":{"start":{"line":32,"column":23},"end":{"line":32,"column":24}},"loc":{"start":{"line":32,"column":33},"end":{"line":36,"column":3}},"line":32},"4":{"name":"(anonymous_4)","decl":{"start":{"line":45,"column":49},"end":{"line":45,"column":50}},"loc":{"start":{"line":45,"column":55},"end":{"line":45,"column":70}},"line":45},"5":{"name":"(anonymous_5)","decl":{"start":{"line":46,"column":49},"end":{"line":46,"column":50}},"loc":{"start":{"line":46,"column":55},"end":{"line":46,"column":70}},"line":46},"6":{"name":"(anonymous_6)","decl":{"start":{"line":54,"column":27},"end":{"line":54,"column":28}},"loc":{"start":{"line":54,"column":33},"end":{"line":54,"column":50}},"line":54},"7":{"name":"(anonymous_7)","decl":{"start":{"line":59,"column":72},"end":{"line":59,"column":73}},"loc":{"start":{"line":59,"column":78},"end":{"line":59,"column":96}},"line":59}},"branchMap":{"0":{"loc":{"start":{"line":33,"column":4},"end":{"line":35,"column":5}},"type":"if","locations":[{"start":{"line":33,"column":4},"end":{"line":35,"column":5}},{"start":{},"end":{}}],"line":33},"1":{"loc":{"start":{"line":38,"column":37},"end":{"line":38,"column":69}},"type":"cond-expr","locations":[{"start":{"line":38,"column":58},"end":{"line":38,"column":64}},{"start":{"line":38,"column":67},"end":{"line":38,"column":69}}],"line":38},"2":{"loc":{"start":{"line":39,"column":37},"end":{"line":39,"column":69}},"type":"cond-expr","locations":[{"start":{"line":39,"column":58},"end":{"line":39,"column":60}},{"start":{"line":39,"column":63},"end":{"line":39,"column":69}}],"line":39},"3":{"loc":{"start":{"line":59,"column":9},"end":{"line":59,"column":113}},"type":"binary-expr","locations":[{"start":{"line":59,"column":9},"end":{"line":59,"column":51}},{"start":{"line":59,"column":55},"end":{"line":59,"column":113}}],"line":59}},"s":{"0":1,"1":4,"2":4,"3":4,"4":1,"5":4,"6":2,"7":2,"8":2,"9":2,"10":4,"11":0,"12":0,"13":4,"14":4,"15":4,"16":1,"17":0,"18":2,"19":0,"20":1},"f":{"0":4,"1":1,"2":2,"3":0,"4":1,"5":0,"6":2,"7":0},"b":{"0":[0,0],"1":[1,3],"2":[1,3],"3":[4,0]},"_coverageSchema":"1a1c01bbd47fc00a2c39e90264f33305004495a9","hash":"f5220b361fc712cb1546f7142fabf29dee73c9d8"}
,"C:\\Users\\tiina\\Documents\\Full stack open\\Full-stack-open\\osa5\\src\\components\\BlogForm.jsx": {"path":"C:\\Users\\tiina\\Documents\\Full stack open\\Full-stack-open\\osa5\\src\\components\\BlogForm.jsx","statementMap":{"0":{"start":{"line":3,"column":17},"end":{"line":52,"column":1}},"1":{"start":{"line":4,"column":34},"end":{"line":4,"column":46}},"2":{"start":{"line":5,"column":36},"end":{"line":5,"column":48}},"3":{"start":{"line":6,"column":30},"end":{"line":6,"column":42}},"4":{"start":{"line":8,"column":18},"end":{"line":18,"column":3}},"5":{"start":{"line":9,"column":4},"end":{"line":9,"column":26}},"6":{"start":{"line":10,"column":4},"end":{"line":14,"column":6}},"7":{"start":{"line":15,"column":4},"end":{"line":15,"column":19}},"8":{"start":{"line":16,"column":4},"end":{"line":16,"column":20}},"9":{"start":{"line":17,"column":4},"end":{"line":17,"column":17}},"10":{"start":{"line":20,"column":2},"end":{"line":51,"column":3}},"11":{"start":{"line":28,"column":38},"end":{"line":28,"column":63}},"12":{"start":{"line":36,"column":38},"end":{"line":36,"column":64}},"13":{"start":{"line":44,"column":38},"end":{"line":44,"column":61}}},"fnMap":{"0":{"name":"(anonymous_0)","decl":{"start":{"line":3,"column":17},"end":{"line":3,"column":18}},"loc":{"start":{"line":3,"column":37},"end":{"line":52,"column":1}},"line":3},"1":{"name":"(anonymous_1)","decl":{"start":{"line":8,"column":18},"end":{"line":8,"column":19}},"loc":{"start":{"line":8,"column":29},"end":{"line":18,"column":3}},"line":8},"2":{"name":"(anonymous_2)","decl":{"start":{"line":28,"column":22},"end":{"line":28,"column":23}},"loc":{"start":{"line":28,"column":38},"end":{"line":28,"column":63}},"line":28},"3":{"name":"(anonymous_3)","decl":{"start":{"line":36,"column":22},"end":{"line":36,"column":23}},"loc":{"start":{"line":36,"column":38},"end":{"line":36,"column":64}},"line":36},"4":{"name":"(anonymous_4)","decl":{"start":{"line":44,"column":22},"end":{"line":44,"column":23}},"loc":{"start":{"line":44,"column":38},"end":{"line":44,"column":61}},"line":44}},"branchMap":{},"s":{"0":1,"1":31,"2":31,"3":31,"4":31,"5":1,"6":1,"7":1,"8":1,"9":1,"10":31,"11":10,"12":11,"13":8},"f":{"0":31,"1":1,"2":10,"3":11,"4":8},"b":{},"_coverageSchema":"1a1c01bbd47fc00a2c39e90264f33305004495a9","hash":"e041e88501cc9f4d528ad0cb459e0bd0538f029c"}
,"C:\\Users\\tiina\\Documents\\Full stack open\\Full-stack-open\\osa5\\src\\components\\Notification.jsx": {"path":"C:\\Users\\tiina\\Documents\\Full stack open\\Full-stack-open\\osa5\\src\\components\\Notification.jsx","statementMap":{"0":{"start":{"line":1,"column":21},"end":{"line":8,"column":1}},"1":{"start":{"line":2,"column":2},"end":{"line":4,"column":3}},"2":{"start":{"line":3,"column":4},"end":{"line":3,"column":15}},"3":{"start":{"line":5,"column":2},"end":{"line":7,"column":3}}},"fnMap":{"0":{"name":"(anonymous_0)","decl":{"start":{"line":1,"column":21},"end":{"line":1,"column":22}},"loc":{"start":{"line":1,"column":38},"end":{"line":8,"column":1}},"line":1}},"branchMap":{"0":{"loc":{"start":{"line":2,"column":2},"end":{"line":4,"column":3}},"type":"if","locations":[{"start":{"line":2,"column":2},"end":{"line":4,"column":3}},{"start":{},"end":{}}],"line":2}},"s":{"0":0,"1":0,"2":0,"3":0},"f":{"0":0},"b":{"0":[0,0]}}
,"C:\\Users\\tiina\\Documents\\Full stack open\\Full-stack-open\\osa5\\src\\services\\blogs.js": {"path":"C:\\Users\\tiina\\Documents\\Full stack open\\Full-stack-open\\osa5\\src\\services\\blogs.js","statementMap":{"0":{"start":{"line":2,"column":16},"end":{"line":2,"column":49}},"1":{"start":{"line":4,"column":12},"end":{"line":4,"column":16}},"2":{"start":{"line":6,"column":17},"end":{"line":8,"column":1}},"3":{"start":{"line":7,"column":2},"end":{"line":7,"column":30}},"4":{"start":{"line":10,"column":15},"end":{"line":13,"column":1}},"5":{"start":{"line":11,"column":18},"end":{"line":11,"column":36}},"6":{"start":{"line":12,"column":2},"end":{"line":12,"column":48}},"7":{"start":{"line":12,"column":34},"end":{"line":12,"column":47}},"8":{"start":{"line":15,"column":15},"end":{"line":22,"column":1}},"9":{"start":{"line":16,"column":17},"end":{"line":18,"column":3}},"10":{"start":{"line":20,"column":19},"end":{"line":20,"column":63}},"11":{"start":{"line":21,"column":2},"end":{"line":21,"column":22}},"12":{"start":{"line":24,"column":15},"end":{"line":27,"column":1}},"13":{"start":{"line":25,"column":19},"end":{"line":25,"column":65}},"14":{"start":{"line":26,"column":2},"end":{"line":26,"column":22}},"15":{"start":{"line":29,"column":15},"end":{"line":35,"column":1}},"16":{"start":{"line":30,"column":17},"end":{"line":32,"column":3}},"17":{"start":{"line":34,"column":2},"end":{"line":34,"column":48}}},"fnMap":{"0":{"name":"(anonymous_0)","decl":{"start":{"line":6,"column":17},"end":{"line":6,"column":18}},"loc":{"start":{"line":6,"column":29},"end":{"line":8,"column":1}},"line":6},"1":{"name":"(anonymous_1)","decl":{"start":{"line":10,"column":15},"end":{"line":10,"column":16}},"loc":{"start":{"line":10,"column":21},"end":{"line":13,"column":1}},"line":10},"2":{"name":"(anonymous_2)","decl":{"start":{"line":12,"column":22},"end":{"line":12,"column":23}},"loc":{"start":{"line":12,"column":34},"end":{"line":12,"column":47}},"line":12},"3":{"name":"(anonymous_3)","decl":{"start":{"line":15,"column":15},"end":{"line":15,"column":16}},"loc":{"start":{"line":15,"column":34},"end":{"line":22,"column":1}},"line":15},"4":{"name":"(anonymous_4)","decl":{"start":{"line":24,"column":15},"end":{"line":24,"column":16}},"loc":{"start":{"line":24,"column":40},"end":{"line":27,"column":1}},"line":24},"5":{"name":"(anonymous_5)","decl":{"start":{"line":29,"column":15},"end":{"line":29,"column":16}},"loc":{"start":{"line":29,"column":27},"end":{"line":35,"column":1}},"line":29}},"branchMap":{},"s":{"0":0,"1":0,"2":0,"3":0,"4":0,"5":0,"6":0,"7":0,"8":0,"9":0,"10":0,"11":0,"12":0,"13":0,"14":0,"15":0,"16":0,"17":0},"f":{"0":0,"1":0,"2":0,"3":0,"4":0,"5":0},"b":{}}
,"C:\\Users\\tiina\\Documents\\Full stack open\\Full-stack-open\\osa5\\src\\services\\login.js": {"path":"C:\\Users\\tiina\\Documents\\Full stack open\\Full-stack-open\\osa5\\src\\services\\login.js","statementMap":{"0":{"start":{"line":2,"column":16},"end":{"line":2,"column":49}},"1":{"start":{"line":4,"column":14},"end":{"line":7,"column":1}},"2":{"start":{"line":5,"column":19},"end":{"line":5,"column":57}},"3":{"start":{"line":6,"column":2},"end":{"line":6,"column":22}}},"fnMap":{"0":{"name":"(anonymous_0)","decl":{"start":{"line":4,"column":14},"end":{"line":4,"column":15}},"loc":{"start":{"line":4,"column":35},"end":{"line":7,"column":1}},"line":4}},"branchMap":{},"s":{"0":0,"1":0,"2":0,"3":0},"f":{"0":0},"b":{}}
}
